If any curved surface exists, please consider increasing the "Curved element
order" in the "Specials..." of the tetrahedral mesh properties to obtain more
accurate results. More...

--------------------------------------------------------------------------------
The length ratio between the shortest and the longest model edges is 1:7830.
Short model edges can be highlighted via Mesh:Mesh Control->Check Mesh->Check
Model Edge Length.... (It may be advantageous to model the metallizations as
infinitely thin sheets.) More...

--------------------------------------------------------------------------------
Units settings: 

  Dimensions: mm
  Frequency:  GHz
  Time:       ns

--------------------------------------------------------------------------------
Boundary conditions: 

  YZsymmetry: none
  XZsymmetry: none
  XYsymmetry: none

  Xmin: expanded open
  Xmax: expanded open

  Ymin: expanded open
  Ymax: expanded open

  Zmin: expanded open
  Zmax: expanded open

--------------------------------------------------------------------------------
Order settings: 

  Solver order   : 2nd (constant)
  Curved elements: off (user defined)

--------------------------------------------------------------------------------
  Mesh time                :	4 s


--------------------------------------------------------------------------------

================================================================================
Frequency Domain Solver calculation cycle started

--------------------------------------------------------------------------------
Solver started at: 09:30 AM Friday, 10. April 2020

  Module:  Frequency Domain: S-Parameter (Win 64)
  Version: 2018.0 Release from 2017-10-26 (change 556462)

--------------------------------------------------------------------------------
  Calculation 1 of 1 (Frequency: 7.8 GHz)


--------------------------------------------------------------------------------
Automatically activated electric shielding for port 1.

--------------------------------------------------------------------------------
  ----------------------------------------------------------------------------
  Port   Mode   Type        Z-Wave        Z-Wave-Sigma  Z-Line        F-Cutoff
  1      1      TEM         377           0             50.4          0.0
  ----------------------------------------------------------------------------


--------------------------------------------------------------------------------
Please consider improving the initial mesh.  More...

--------------------------------------------------------------------------------
Adaptive mesh refinement pass 1

--------------------------------------------------------------------------------
  Matrix setup time        :	0 s
  Solver setup             :	1 s
  Degrees of freedom       :	83379
  Number of mesh cells     :	13249

  Stimulation port         :	1
  Mode number              :	1
  Accuracy                 :	5.72529e-05
  Iterations               :	25
  Solver time              :	0 s


--------------------------------------------------------------------------------
23% of all mesh edges seem to be longer than expected. The adaptive mesh 
refinement's growth limitation will therefore use 32326 instead of 12705 mesh 
cells as a reference.

--------------------------------------------------------------------------------
The quality of some tetrahedrons is low.  More...

--------------------------------------------------------------------------------
  ----------------------------------------------------------------------------
  Port   Mode   Type        Z-Wave        Z-Wave-Sigma  Z-Line        F-Cutoff
  1      1      TEM         377           0             50.4          0.0
  ----------------------------------------------------------------------------


--------------------------------------------------------------------------------
Adaptive mesh refinement pass 2

--------------------------------------------------------------------------------
  Matrix setup time        :	1 s
  Degrees of freedom       :	96289
  Number of mesh cells     :	15365

  Stimulation port         :	1
  Mode number              :	1
  Accuracy                 :	9.93844e-05
  Iterations               :	22
  Solver time              :	1 s


--------------------------------------------------------------------------------
  Delta calculation        
  All S-Parameters         :	0.00554502


--------------------------------------------------------------------------------
  ----------------------------------------------------------------------------
  Port   Mode   Type        Z-Wave        Z-Wave-Sigma  Z-Line        F-Cutoff
  1      1      TEM         377           0             50.4          0.0
  ----------------------------------------------------------------------------


--------------------------------------------------------------------------------
Adaptive mesh refinement pass 3

--------------------------------------------------------------------------------
  Matrix setup time        :	1 s
  Degrees of freedom       :	119069
  Number of mesh cells     :	19117

  Stimulation port         :	1
  Mode number              :	1
  Accuracy                 :	9.8747e-05
  Iterations               :	32
  Solver time              :	1 s


--------------------------------------------------------------------------------
  Delta calculation        
  All S-Parameters         :	0.00331937


--------------------------------------------------------------------------------
Mesh adaptation terminated because the desired accuracy limit is reached.

--------------------------------------------------------------------------------
  Generating results       :	1 s

  Total time               :	15 s

--------------------------------------------------------------------------------


--------------------------------------------------------------------------------
  Calculation 2 (Frequency: 5.2 GHz)


--------------------------------------------------------------------------------
  ----------------------------------------------------------------------------
  Port   Mode   Type        Z-Wave        Z-Wave-Sigma  Z-Line        F-Cutoff
  1      1      TEM         377           0             50.4          0.0
  ----------------------------------------------------------------------------


--------------------------------------------------------------------------------
  Matrix setup time        :	0 s
  Degrees of freedom       :	119069
  Number of mesh cells     :	19117

  Stimulation port         :	1
  Mode number              :	1
  Accuracy                 :	9.99957e-05
  Iterations               :	26
  Solver time              :	1 s


--------------------------------------------------------------------------------
  Total time               :	1 s

--------------------------------------------------------------------------------


--------------------------------------------------------------------------------
  Calculation 3 (Frequency: 6.5 GHz)


--------------------------------------------------------------------------------
  ----------------------------------------------------------------------------
  Port   Mode   Type        Z-Wave        Z-Wave-Sigma  Z-Line        F-Cutoff
  1      1      TEM         377           0             0             0.0
  ----------------------------------------------------------------------------


--------------------------------------------------------------------------------
  Matrix setup time        :	1 s
  Degrees of freedom       :	119069
  Number of mesh cells     :	19117

  Stimulation port         :	1
  Mode number              :	1
  Accuracy                 :	9.77927e-05
  Iterations               :	22
  Solver time              :	1 s


--------------------------------------------------------------------------------
  Total time               :	2 s

--------------------------------------------------------------------------------


--------------------------------------------------------------------------------
  Calculation 4 (Frequency: 7.15 GHz)


--------------------------------------------------------------------------------
  ----------------------------------------------------------------------------
  Port   Mode   Type        Z-Wave        Z-Wave-Sigma  Z-Line        F-Cutoff
  1      1      TEM         377           0             0             0.0
  ----------------------------------------------------------------------------


--------------------------------------------------------------------------------
  Matrix setup time        :	1 s
  Degrees of freedom       :	119069
  Number of mesh cells     :	19117

  Stimulation port         :	1
  Mode number              :	1
  Accuracy                 :	8.2268e-05
  Iterations               :	9
  Solver time              :	0 s


--------------------------------------------------------------------------------
  Total time               :	1 s

--------------------------------------------------------------------------------


--------------------------------------------------------------------------------
  Calculation 5 (Frequency: 6.2036 GHz)


--------------------------------------------------------------------------------
  ----------------------------------------------------------------------------
  Port   Mode   Type        Z-Wave        Z-Wave-Sigma  Z-Line        F-Cutoff
  1      1      TEM         377           0             0             0.0
  ----------------------------------------------------------------------------


--------------------------------------------------------------------------------
  Matrix setup time        :	1 s
  Degrees of freedom       :	119069
  Number of mesh cells     :	19117

  Stimulation port         :	1
  Mode number              :	1
  Accuracy                 :	7.89867e-05
  Iterations               :	11
  Solver time              :	1 s


--------------------------------------------------------------------------------
  Total time               :	2 s

--------------------------------------------------------------------------------


--------------------------------------------------------------------------------
  Calculation 6 (Frequency: 6.734 GHz)


--------------------------------------------------------------------------------
  ----------------------------------------------------------------------------
  Port   Mode   Type        Z-Wave        Z-Wave-Sigma  Z-Line        F-Cutoff
  1      1      TEM         377           0             0             0.0
  ----------------------------------------------------------------------------


--------------------------------------------------------------------------------
  Matrix setup time        :	0 s
  Degrees of freedom       :	119069
  Number of mesh cells     :	19117

  Stimulation port         :	1
  Mode number              :	1
  Accuracy                 :	8.27451e-05
  Iterations               :	5
  Solver time              :	1 s


--------------------------------------------------------------------------------
  Total time               :	1 s

--------------------------------------------------------------------------------


--------------------------------------------------------------------------------
  Calculation 7 (Frequency: 5.642 GHz)


--------------------------------------------------------------------------------
  ----------------------------------------------------------------------------
  Port   Mode   Type        Z-Wave        Z-Wave-Sigma  Z-Line        F-Cutoff
  1      1      TEM         377           0             0             0.0
  ----------------------------------------------------------------------------


--------------------------------------------------------------------------------
  Matrix setup time        :	0 s
  Degrees of freedom       :	119069
  Number of mesh cells     :	19117

  Stimulation port         :	1
  Mode number              :	1
  Accuracy                 :	9.98974e-05
  Iterations               :	8
  Solver time              :	1 s


--------------------------------------------------------------------------------
  Total time               :	1 s

--------------------------------------------------------------------------------


--------------------------------------------------------------------------------
Finished the general purpose interpolative broadband frequency sweep:
All broadband sweep convergence criteria have been satisfied after
calculating 7 frequency samples:

  Broadband sweep error threshold value : 
                                          0.01 (All S-Parameters) 
  Number of error criterion checks      : 
                                          2 (All S-Parameters) 
  Minimum number of samples             : 3


--------------------------------------------------------------------------------
  Total Solver Time        :	27 s
================================================================================



--------------------------------------------------------------------------------
Calculating remaining monitors.

--------------------------------------------------------------------------------
  ----------------------------------------------------------------------------
                      Peak memory used (kB)         Free physical memory (kB) 
                                                    At begin     Minimum      
  ----------------------------------------------------------------------------
  Solver start        16076                         6591728      6590988      
  Eq. system setup    467164                        6565012      6174220      
  Eq. system solve    467164                        6518488      6121448      
  Mesh refinement     426760                        6491768      6220860      
  Solver run total    467164                        6591736      6174220      

  Computer name       DESKTOP-EQ06KAQ
  ----------------------------------------------------------------------------


--------------------------------------------------------------------------------
Creating parametric 1D results for Run ID 1

--------------------------------------------------------------------------------
