Unknown:
O:\Antennas\Project\DRARect\Result\farfield (f=frequency_centre)1D_1.ffp
O:\Antennas\Project\DRARect\Result\farfield (f=frequency_centre)2D_1.ffp
O:\Antennas\Project\DRARect\Result\farfield (f=frequency_centre)_1.fme
O:\Antennas\Project\DRARect\Result\mesh.tfo
O:\Antennas\Project\DRARect\Result\Model.inf
O:\Antennas\Project\DRARect\Result\Model.log
O:\Antennas\Project\DRARect\Result\Model.sa
O:\Antennas\Project\DRARect\Result\Port1_e1(#0000).sct
O:\Antennas\Project\DRARect\Result\Port1_e1_pmm_7.8.tfo
O:\Antennas\Project\DRARect\Result\Port1_eInfo1(#0000).pmf
O:\Antennas\Project\DRARect\Result\Port1_h1(#0000).sct
O:\Antennas\Project\DRARect\Result\Port1_h1_pmm_7.8.tfo
O:\Antennas\Project\DRARect\Result\Port1_hInfo1(#0000).pmf
O:\Antennas\Project\DRARect\Result\Port2_e1(#0000).sct
O:\Antennas\Project\DRARect\Result\Port2_eInfo1(#0000).pmf
O:\Antennas\Project\DRARect\Result\Port2_h1(#0000).sct
O:\Antennas\Project\DRARect\Result\Port2_hInfo1(#0000).pmf
O:\Antennas\Project\DRARect\Result\Port3_e1(#0000).sct
O:\Antennas\Project\DRARect\Result\Port3_eInfo1(#0000).pmf
O:\Antennas\Project\DRARect\Result\Port3_h1(#0000).sct
O:\Antennas\Project\DRARect\Result\Port3_hInfo1(#0000).pmf
O:\Antennas\Project\DRARect\Result\Port4_e1(#0000).sct
O:\Antennas\Project\DRARect\Result\Port4_eInfo1(#0000).pmf
O:\Antennas\Project\DRARect\Result\Port4_h1(#0000).sct
O:\Antennas\Project\DRARect\Result\Port4_hInfo1(#0000).pmf
O:\Antennas\Project\DRARect\Result\Port5_e1(#0000).sct
O:\Antennas\Project\DRARect\Result\Port5_eInfo1(#0000).pmf
O:\Antennas\Project\DRARect\Result\Port5_h1(#0000).sct
O:\Antennas\Project\DRARect\Result\Port5_hInfo1(#0000).pmf
O:\Antennas\Project\DRARect\Result\Port6_e1(#0000).sct
O:\Antennas\Project\DRARect\Result\Port6_eInfo1(#0000).pmf
O:\Antennas\Project\DRARect\Result\Port6_h1(#0000).sct
O:\Antennas\Project\DRARect\Result\Port6_hInfo1(#0000).pmf
O:\Antennas\Project\DRARect\Result\Postprocessing.log
O:\Antennas\Project\DRARect\Result\SolCoef(#0000)_1(1).scf
O:\Antennas\Project\DRARect\Result\SolCoef(#0001)_1(1).scf
O:\Antennas\Project\DRARect\Result\SolCoef(#0002)_1(1).scf
O:\Antennas\Project\DRARect\Result\SolCoef(#0003)_1(1).scf
O:\Antennas\Project\DRARect\Result\SolCoef(#0004)_1(1).scf
O:\Antennas\Project\DRARect\Result\SolCoef(#0005)_1(1).scf
O:\Antennas\Project\DRARect\Result\SolCoef(#0006)_1(1).scf
Mesh:
O:\Antennas\Project\DRARect\Result\3do.slim
O:\Antennas\Project\DRARect\Result\CellNameTo_ML_BGIDMap.tet
O:\Antennas\Project\DRARect\Result\Entities2Mesh.tet
O:\Antennas\Project\DRARect\Result\log.tet
O:\Antennas\Project\DRARect\Result\meshprops.tet
O:\Antennas\Project\DRARect\Result\mir.tet
O:\Antennas\Project\DRARect\Result\ML_BGID_To_ZStart_Map.tet
O:\Antennas\Project\DRARect\Result\Model.mss
O:\Antennas\Project\DRARect\Result\moegeom.tet
O:\Antennas\Project\DRARect\Result\Port1.slim
O:\Antennas\Project\DRARect\Result\Port2.slim
O:\Antennas\Project\DRARect\Result\Port3.slim
O:\Antennas\Project\DRARect\Result\Port4.slim
O:\Antennas\Project\DRARect\Result\Port5.slim
O:\Antennas\Project\DRARect\Result\Port6.slim
O:\Antennas\Project\DRARect\Result\refinementparents.tet
O:\Antennas\Project\DRARect\Result\reftags.tet
O:\Antennas\Project\DRARect\Result\tetquality.tet
O:\Antennas\Project\DRARect\Result\topot.tet
Port:
O:\Antennas\Project\DRARect\Result\Model.pmi
